<?xml version="1.0" encoding="UTF-8"?>
<!-- Generated by org.testng.reporters.JUnitReportReporter -->
<testsuite hostname="Adwaitha" failures="0" tests="1" name="tests.glammmytest" time="46.533" errors="0" timestamp="2023-07-07T20:36:37 IST" skipped="0">
  <testcase classname="tests.glammmytest" name="glammyytestt" time="46.533"/>
</testsuite> <!-- tests.glammmytest -->
