<?xml version="1.0" encoding="UTF-8"?>
<!-- Generated by org.testng.reporters.JUnitReportReporter -->
<testsuite hostname="Adwaitha" failures="0" tests="1" name="tests.glammmytest" time="63.828" errors="0" timestamp="2023-07-07T19:53:20 IST" skipped="0">
  <testcase classname="tests.glammmytest" name="glammyytestt" time="63.828"/>
</testsuite> <!-- tests.glammmytest -->
